C:\USERS\MIKE\DOCUMENTS\UPENN\CIS-660_(ADV_TOPICS_IN_CG)\ASSIGNMENTS\AUTHORING TOOL PROJECT\LOCOSOFT MAYA\LOCOSOFT MAYA\RELEASE\SOFT_BODY_SIM.OBJ
C:\USERS\MIKE\DOCUMENTS\UPENN\CIS-660_(ADV_TOPICS_IN_CG)\ASSIGNMENTS\AUTHORING TOOL PROJECT\LOCOSOFT MAYA\LOCOSOFT MAYA\RELEASE\LSTETGENNODE.OBJ
C:\USERS\MIKE\DOCUMENTS\UPENN\CIS-660_(ADV_TOPICS_IN_CG)\ASSIGNMENTS\AUTHORING TOOL PROJECT\LOCOSOFT MAYA\LOCOSOFT MAYA\RELEASE\PLUGINMAIN.OBJ
C:\USERS\MIKE\DOCUMENTS\UPENN\CIS-660_(ADV_TOPICS_IN_CG)\ASSIGNMENTS\AUTHORING TOOL PROJECT\LOCOSOFT MAYA\LOCOSOFT MAYA\RELEASE\LSSOLVERNODE.OBJ
C:\USERS\MIKE\DOCUMENTS\UPENN\CIS-660_(ADV_TOPICS_IN_CG)\ASSIGNMENTS\AUTHORING TOOL PROJECT\LOCOSOFT MAYA\LOCOSOFT MAYA\RELEASE\LSCOMPONENTNODE.OBJ
C:\USERS\MIKE\DOCUMENTS\UPENN\CIS-660_(ADV_TOPICS_IN_CG)\ASSIGNMENTS\AUTHORING TOOL PROJECT\LOCOSOFT MAYA\LOCOSOFT MAYA\RELEASE\MYPLUGIN.PDB
C:\USERS\MIKE\DOCUMENTS\UPENN\CIS-660_(ADV_TOPICS_IN_CG)\ASSIGNMENTS\AUTHORING TOOL PROJECT\LOCOSOFT MAYA\LOCOSOFT MAYA\LOCOSOFT.MLL
C:\USERS\MIKE\DOCUMENTS\UPENN\CIS-660_(ADV_TOPICS_IN_CG)\ASSIGNMENTS\AUTHORING TOOL PROJECT\LOCOSOFT MAYA\LOCOSOFT MAYA\X64\RELEASE\LOCOSOFT.MLL.INTERMEDIATE.MANIFEST
C:\Users\Mike\Documents\UPenn\CIS-660_(Adv_Topics_in_CG)\Assignments\Authoring Tool Project\LocoSoft Maya\LocoSoft Maya\Release\MyPlugin.lib
C:\Users\Mike\Documents\UPenn\CIS-660_(Adv_Topics_in_CG)\Assignments\Authoring Tool Project\LocoSoft Maya\LocoSoft Maya\Release\MyPlugin.exp
C:\Users\Mike\Documents\UPenn\CIS-660_(Adv_Topics_in_CG)\Assignments\Authoring Tool Project\LocoSoft Maya\LocoSoft Maya\x64\Release\cl.command.1.tlog
C:\Users\Mike\Documents\UPenn\CIS-660_(Adv_Topics_in_CG)\Assignments\Authoring Tool Project\LocoSoft Maya\LocoSoft Maya\x64\Release\CL.read.1.tlog
C:\Users\Mike\Documents\UPenn\CIS-660_(Adv_Topics_in_CG)\Assignments\Authoring Tool Project\LocoSoft Maya\LocoSoft Maya\x64\Release\CL.write.1.tlog
C:\Users\Mike\Documents\UPenn\CIS-660_(Adv_Topics_in_CG)\Assignments\Authoring Tool Project\LocoSoft Maya\LocoSoft Maya\x64\Release\link.169832.read.1.tlog
C:\Users\Mike\Documents\UPenn\CIS-660_(Adv_Topics_in_CG)\Assignments\Authoring Tool Project\LocoSoft Maya\LocoSoft Maya\x64\Release\link.169832.write.1.tlog
C:\Users\Mike\Documents\UPenn\CIS-660_(Adv_Topics_in_CG)\Assignments\Authoring Tool Project\LocoSoft Maya\LocoSoft Maya\x64\Release\link.command.1.tlog
C:\Users\Mike\Documents\UPenn\CIS-660_(Adv_Topics_in_CG)\Assignments\Authoring Tool Project\LocoSoft Maya\LocoSoft Maya\x64\Release\link.read.1.tlog
C:\Users\Mike\Documents\UPenn\CIS-660_(Adv_Topics_in_CG)\Assignments\Authoring Tool Project\LocoSoft Maya\LocoSoft Maya\x64\Release\link.write.1.tlog
C:\Users\Mike\Documents\UPenn\CIS-660_(Adv_Topics_in_CG)\Assignments\Authoring Tool Project\LocoSoft Maya\LocoSoft Maya\x64\Release\LocoSoft.write.1.tlog
C:\Users\Mike\Documents\UPenn\CIS-660_(Adv_Topics_in_CG)\Assignments\Authoring Tool Project\LocoSoft Maya\LocoSoft Maya\x64\Release\mt.command.1.tlog
C:\Users\Mike\Documents\UPenn\CIS-660_(Adv_Topics_in_CG)\Assignments\Authoring Tool Project\LocoSoft Maya\LocoSoft Maya\x64\Release\mt.read.1.tlog
C:\Users\Mike\Documents\UPenn\CIS-660_(Adv_Topics_in_CG)\Assignments\Authoring Tool Project\LocoSoft Maya\LocoSoft Maya\x64\Release\mt.write.1.tlog
C:\Users\Mike\Documents\UPenn\CIS-660_(Adv_Topics_in_CG)\Assignments\Authoring Tool Project\LocoSoft Maya\LocoSoft Maya\x64\Release\LocoSoft.mll.intermediate.manifest
