C:\USERS\MIKE\DOCUMENTS\UPENN\CIS-660_(ADV_TOPICS_IN_CG)\ASSIGNMENTS\AUTHORING TOOL PROJECT\LOCOSOFT MAYA\LOCOSOFT MAYA\.DEBUG\TETGENNODE.OBJ
C:\USERS\MIKE\DOCUMENTS\UPENN\CIS-660_(ADV_TOPICS_IN_CG)\ASSIGNMENTS\AUTHORING TOOL PROJECT\LOCOSOFT MAYA\LOCOSOFT MAYA\.DEBUG\PLUGINMAIN.OBJ
C:\USERS\MIKE\DOCUMENTS\UPENN\CIS-660_(ADV_TOPICS_IN_CG)\ASSIGNMENTS\AUTHORING TOOL PROJECT\LOCOSOFT MAYA\LOCOSOFT MAYA\DEBUG\MYPLUGIN.PDB
C:\USERS\MIKE\DOCUMENTS\UPENN\CIS-660_(ADV_TOPICS_IN_CG)\ASSIGNMENTS\AUTHORING TOOL PROJECT\LOCOSOFT MAYA\LOCOSOFT MAYA\.DEBUG\SOFT_BODY_SIM.OBJ
C:\USERS\MIKE\DOCUMENTS\UPENN\CIS-660_(ADV_TOPICS_IN_CG)\ASSIGNMENTS\AUTHORING TOOL PROJECT\LOCOSOFT MAYA\LOCOSOFT MAYA\.DEBUG\LSSOLVER.OBJ
C:\USERS\MIKE\DOCUMENTS\UPENN\CIS-660_(ADV_TOPICS_IN_CG)\ASSIGNMENTS\AUTHORING TOOL PROJECT\LOCOSOFT MAYA\LOCOSOFT MAYA\.DEBUG\LSTETGENNODE.OBJ
C:\USERS\MIKE\DOCUMENTS\UPENN\CIS-660_(ADV_TOPICS_IN_CG)\ASSIGNMENTS\AUTHORING TOOL PROJECT\LOCOSOFT MAYA\LOCOSOFT MAYA\.DEBUG\LSSOLVERNODE.OBJ
C:\USERS\MIKE\DOCUMENTS\UPENN\CIS-660_(ADV_TOPICS_IN_CG)\ASSIGNMENTS\AUTHORING TOOL PROJECT\LOCOSOFT MAYA\LOCOSOFT MAYA\.DEBUG\LSCOMPONENTNODE.OBJ
C:\USERS\MIKE\DOCUMENTS\UPENN\CIS-660_(ADV_TOPICS_IN_CG)\ASSIGNMENTS\AUTHORING TOOL PROJECT\LOCOSOFT MAYA\LOCOSOFT MAYA\LOCOSOFTD.ILK
C:\USERS\MIKE\DOCUMENTS\UPENN\CIS-660_(ADV_TOPICS_IN_CG)\ASSIGNMENTS\AUTHORING TOOL PROJECT\LOCOSOFT MAYA\LOCOSOFT MAYA\LOCOSOFTD.MLL
C:\USERS\MIKE\DOCUMENTS\UPENN\CIS-660_(ADV_TOPICS_IN_CG)\ASSIGNMENTS\AUTHORING TOOL PROJECT\LOCOSOFT MAYA\LOCOSOFT MAYA\X64\DEBUG\LOCOSOFTD.MLL.INTERMEDIATE.MANIFEST
C:\Users\Mike\Documents\UPenn\CIS-660_(Adv_Topics_in_CG)\Assignments\Authoring Tool Project\LocoSoft Maya\LocoSoft Maya\Debug\MyPlugin.lib
C:\Users\Mike\Documents\UPenn\CIS-660_(Adv_Topics_in_CG)\Assignments\Authoring Tool Project\LocoSoft Maya\LocoSoft Maya\Debug\MyPlugin.exp
C:\USERS\MIKE\DOCUMENTS\UPENN\CIS-660_(ADV_TOPICS_IN_CG)\ASSIGNMENTS\AUTHORING TOOL PROJECT\LOCOSOFT MAYA\LOCOSOFT MAYA\X64\DEBUG\LOCOSOFTD.MLL.EMBED.MANIFEST
C:\USERS\MIKE\DOCUMENTS\UPENN\CIS-660_(ADV_TOPICS_IN_CG)\ASSIGNMENTS\AUTHORING TOOL PROJECT\LOCOSOFT MAYA\LOCOSOFT MAYA\X64\DEBUG\LOCOSOFTD.MLL.EMBED.MANIFEST.RES
C:\Users\Mike\Documents\UPenn\CIS-660_(Adv_Topics_in_CG)\Assignments\Authoring Tool Project\LocoSoft Maya\LocoSoft Maya\x64\Debug\cl.command.1.tlog
C:\Users\Mike\Documents\UPenn\CIS-660_(Adv_Topics_in_CG)\Assignments\Authoring Tool Project\LocoSoft Maya\LocoSoft Maya\x64\Debug\CL.read.1.tlog
C:\Users\Mike\Documents\UPenn\CIS-660_(Adv_Topics_in_CG)\Assignments\Authoring Tool Project\LocoSoft Maya\LocoSoft Maya\x64\Debug\CL.write.1.tlog
C:\Users\Mike\Documents\UPenn\CIS-660_(Adv_Topics_in_CG)\Assignments\Authoring Tool Project\LocoSoft Maya\LocoSoft Maya\x64\Debug\link-cvtres.read.1.tlog
C:\Users\Mike\Documents\UPenn\CIS-660_(Adv_Topics_in_CG)\Assignments\Authoring Tool Project\LocoSoft Maya\LocoSoft Maya\x64\Debug\link-cvtres.write.1.tlog
C:\Users\Mike\Documents\UPenn\CIS-660_(Adv_Topics_in_CG)\Assignments\Authoring Tool Project\LocoSoft Maya\LocoSoft Maya\x64\Debug\link-rc.read.1.tlog
C:\Users\Mike\Documents\UPenn\CIS-660_(Adv_Topics_in_CG)\Assignments\Authoring Tool Project\LocoSoft Maya\LocoSoft Maya\x64\Debug\link-rc.write.1.tlog
C:\Users\Mike\Documents\UPenn\CIS-660_(Adv_Topics_in_CG)\Assignments\Authoring Tool Project\LocoSoft Maya\LocoSoft Maya\x64\Debug\link.1872-cvtres.read.1.tlog
C:\Users\Mike\Documents\UPenn\CIS-660_(Adv_Topics_in_CG)\Assignments\Authoring Tool Project\LocoSoft Maya\LocoSoft Maya\x64\Debug\link.1872-cvtres.write.1.tlog
C:\Users\Mike\Documents\UPenn\CIS-660_(Adv_Topics_in_CG)\Assignments\Authoring Tool Project\LocoSoft Maya\LocoSoft Maya\x64\Debug\link.1872.read.1.tlog
C:\Users\Mike\Documents\UPenn\CIS-660_(Adv_Topics_in_CG)\Assignments\Authoring Tool Project\LocoSoft Maya\LocoSoft Maya\x64\Debug\link.1872.write.1.tlog
C:\Users\Mike\Documents\UPenn\CIS-660_(Adv_Topics_in_CG)\Assignments\Authoring Tool Project\LocoSoft Maya\LocoSoft Maya\x64\Debug\link.4340-cvtres.read.1.tlog
C:\Users\Mike\Documents\UPenn\CIS-660_(Adv_Topics_in_CG)\Assignments\Authoring Tool Project\LocoSoft Maya\LocoSoft Maya\x64\Debug\link.4340-cvtres.write.1.tlog
C:\Users\Mike\Documents\UPenn\CIS-660_(Adv_Topics_in_CG)\Assignments\Authoring Tool Project\LocoSoft Maya\LocoSoft Maya\x64\Debug\link.4340.read.1.tlog
C:\Users\Mike\Documents\UPenn\CIS-660_(Adv_Topics_in_CG)\Assignments\Authoring Tool Project\LocoSoft Maya\LocoSoft Maya\x64\Debug\link.4340.write.1.tlog
C:\Users\Mike\Documents\UPenn\CIS-660_(Adv_Topics_in_CG)\Assignments\Authoring Tool Project\LocoSoft Maya\LocoSoft Maya\x64\Debug\link.4352-cvtres.read.1.tlog
C:\Users\Mike\Documents\UPenn\CIS-660_(Adv_Topics_in_CG)\Assignments\Authoring Tool Project\LocoSoft Maya\LocoSoft Maya\x64\Debug\link.4352-cvtres.write.1.tlog
C:\Users\Mike\Documents\UPenn\CIS-660_(Adv_Topics_in_CG)\Assignments\Authoring Tool Project\LocoSoft Maya\LocoSoft Maya\x64\Debug\link.4352-rc.read.1.tlog
C:\Users\Mike\Documents\UPenn\CIS-660_(Adv_Topics_in_CG)\Assignments\Authoring Tool Project\LocoSoft Maya\LocoSoft Maya\x64\Debug\link.4352-rc.write.1.tlog
C:\Users\Mike\Documents\UPenn\CIS-660_(Adv_Topics_in_CG)\Assignments\Authoring Tool Project\LocoSoft Maya\LocoSoft Maya\x64\Debug\link.4352.read.1.tlog
C:\Users\Mike\Documents\UPenn\CIS-660_(Adv_Topics_in_CG)\Assignments\Authoring Tool Project\LocoSoft Maya\LocoSoft Maya\x64\Debug\link.4352.write.1.tlog
C:\Users\Mike\Documents\UPenn\CIS-660_(Adv_Topics_in_CG)\Assignments\Authoring Tool Project\LocoSoft Maya\LocoSoft Maya\x64\Debug\link.4664-cvtres.read.1.tlog
C:\Users\Mike\Documents\UPenn\CIS-660_(Adv_Topics_in_CG)\Assignments\Authoring Tool Project\LocoSoft Maya\LocoSoft Maya\x64\Debug\link.4664-cvtres.write.1.tlog
C:\Users\Mike\Documents\UPenn\CIS-660_(Adv_Topics_in_CG)\Assignments\Authoring Tool Project\LocoSoft Maya\LocoSoft Maya\x64\Debug\link.4664-rc.read.1.tlog
C:\Users\Mike\Documents\UPenn\CIS-660_(Adv_Topics_in_CG)\Assignments\Authoring Tool Project\LocoSoft Maya\LocoSoft Maya\x64\Debug\link.4664-rc.write.1.tlog
C:\Users\Mike\Documents\UPenn\CIS-660_(Adv_Topics_in_CG)\Assignments\Authoring Tool Project\LocoSoft Maya\LocoSoft Maya\x64\Debug\link.4664.read.1.tlog
C:\Users\Mike\Documents\UPenn\CIS-660_(Adv_Topics_in_CG)\Assignments\Authoring Tool Project\LocoSoft Maya\LocoSoft Maya\x64\Debug\link.4664.write.1.tlog
C:\Users\Mike\Documents\UPenn\CIS-660_(Adv_Topics_in_CG)\Assignments\Authoring Tool Project\LocoSoft Maya\LocoSoft Maya\x64\Debug\link.4668-cvtres.read.1.tlog
C:\Users\Mike\Documents\UPenn\CIS-660_(Adv_Topics_in_CG)\Assignments\Authoring Tool Project\LocoSoft Maya\LocoSoft Maya\x64\Debug\link.4668-cvtres.write.1.tlog
C:\Users\Mike\Documents\UPenn\CIS-660_(Adv_Topics_in_CG)\Assignments\Authoring Tool Project\LocoSoft Maya\LocoSoft Maya\x64\Debug\link.4668.read.1.tlog
C:\Users\Mike\Documents\UPenn\CIS-660_(Adv_Topics_in_CG)\Assignments\Authoring Tool Project\LocoSoft Maya\LocoSoft Maya\x64\Debug\link.4668.write.1.tlog
C:\Users\Mike\Documents\UPenn\CIS-660_(Adv_Topics_in_CG)\Assignments\Authoring Tool Project\LocoSoft Maya\LocoSoft Maya\x64\Debug\link.4784-cvtres.read.1.tlog
C:\Users\Mike\Documents\UPenn\CIS-660_(Adv_Topics_in_CG)\Assignments\Authoring Tool Project\LocoSoft Maya\LocoSoft Maya\x64\Debug\link.4784-cvtres.write.1.tlog
C:\Users\Mike\Documents\UPenn\CIS-660_(Adv_Topics_in_CG)\Assignments\Authoring Tool Project\LocoSoft Maya\LocoSoft Maya\x64\Debug\link.4784-rc.read.1.tlog
C:\Users\Mike\Documents\UPenn\CIS-660_(Adv_Topics_in_CG)\Assignments\Authoring Tool Project\LocoSoft Maya\LocoSoft Maya\x64\Debug\link.4784-rc.write.1.tlog
C:\Users\Mike\Documents\UPenn\CIS-660_(Adv_Topics_in_CG)\Assignments\Authoring Tool Project\LocoSoft Maya\LocoSoft Maya\x64\Debug\link.4784.read.1.tlog
C:\Users\Mike\Documents\UPenn\CIS-660_(Adv_Topics_in_CG)\Assignments\Authoring Tool Project\LocoSoft Maya\LocoSoft Maya\x64\Debug\link.4784.write.1.tlog
C:\Users\Mike\Documents\UPenn\CIS-660_(Adv_Topics_in_CG)\Assignments\Authoring Tool Project\LocoSoft Maya\LocoSoft Maya\x64\Debug\link.5092-cvtres.read.1.tlog
C:\Users\Mike\Documents\UPenn\CIS-660_(Adv_Topics_in_CG)\Assignments\Authoring Tool Project\LocoSoft Maya\LocoSoft Maya\x64\Debug\link.5092-cvtres.write.1.tlog
C:\Users\Mike\Documents\UPenn\CIS-660_(Adv_Topics_in_CG)\Assignments\Authoring Tool Project\LocoSoft Maya\LocoSoft Maya\x64\Debug\link.5092-rc.read.1.tlog
C:\Users\Mike\Documents\UPenn\CIS-660_(Adv_Topics_in_CG)\Assignments\Authoring Tool Project\LocoSoft Maya\LocoSoft Maya\x64\Debug\link.5092-rc.write.1.tlog
C:\Users\Mike\Documents\UPenn\CIS-660_(Adv_Topics_in_CG)\Assignments\Authoring Tool Project\LocoSoft Maya\LocoSoft Maya\x64\Debug\link.5092.read.1.tlog
C:\Users\Mike\Documents\UPenn\CIS-660_(Adv_Topics_in_CG)\Assignments\Authoring Tool Project\LocoSoft Maya\LocoSoft Maya\x64\Debug\link.5092.write.1.tlog
C:\Users\Mike\Documents\UPenn\CIS-660_(Adv_Topics_in_CG)\Assignments\Authoring Tool Project\LocoSoft Maya\LocoSoft Maya\x64\Debug\link.5260-cvtres.read.1.tlog
C:\Users\Mike\Documents\UPenn\CIS-660_(Adv_Topics_in_CG)\Assignments\Authoring Tool Project\LocoSoft Maya\LocoSoft Maya\x64\Debug\link.5260-cvtres.write.1.tlog
C:\Users\Mike\Documents\UPenn\CIS-660_(Adv_Topics_in_CG)\Assignments\Authoring Tool Project\LocoSoft Maya\LocoSoft Maya\x64\Debug\link.5260-rc.read.1.tlog
C:\Users\Mike\Documents\UPenn\CIS-660_(Adv_Topics_in_CG)\Assignments\Authoring Tool Project\LocoSoft Maya\LocoSoft Maya\x64\Debug\link.5260-rc.write.1.tlog
C:\Users\Mike\Documents\UPenn\CIS-660_(Adv_Topics_in_CG)\Assignments\Authoring Tool Project\LocoSoft Maya\LocoSoft Maya\x64\Debug\link.5260.read.1.tlog
C:\Users\Mike\Documents\UPenn\CIS-660_(Adv_Topics_in_CG)\Assignments\Authoring Tool Project\LocoSoft Maya\LocoSoft Maya\x64\Debug\link.5260.write.1.tlog
C:\Users\Mike\Documents\UPenn\CIS-660_(Adv_Topics_in_CG)\Assignments\Authoring Tool Project\LocoSoft Maya\LocoSoft Maya\x64\Debug\link.5432-cvtres.read.1.tlog
C:\Users\Mike\Documents\UPenn\CIS-660_(Adv_Topics_in_CG)\Assignments\Authoring Tool Project\LocoSoft Maya\LocoSoft Maya\x64\Debug\link.5432-cvtres.write.1.tlog
C:\Users\Mike\Documents\UPenn\CIS-660_(Adv_Topics_in_CG)\Assignments\Authoring Tool Project\LocoSoft Maya\LocoSoft Maya\x64\Debug\link.5432.read.1.tlog
C:\Users\Mike\Documents\UPenn\CIS-660_(Adv_Topics_in_CG)\Assignments\Authoring Tool Project\LocoSoft Maya\LocoSoft Maya\x64\Debug\link.5432.write.1.tlog
C:\Users\Mike\Documents\UPenn\CIS-660_(Adv_Topics_in_CG)\Assignments\Authoring Tool Project\LocoSoft Maya\LocoSoft Maya\x64\Debug\link.5472-cvtres.read.1.tlog
C:\Users\Mike\Documents\UPenn\CIS-660_(Adv_Topics_in_CG)\Assignments\Authoring Tool Project\LocoSoft Maya\LocoSoft Maya\x64\Debug\link.5472-cvtres.write.1.tlog
C:\Users\Mike\Documents\UPenn\CIS-660_(Adv_Topics_in_CG)\Assignments\Authoring Tool Project\LocoSoft Maya\LocoSoft Maya\x64\Debug\link.5472.read.1.tlog
C:\Users\Mike\Documents\UPenn\CIS-660_(Adv_Topics_in_CG)\Assignments\Authoring Tool Project\LocoSoft Maya\LocoSoft Maya\x64\Debug\link.5472.write.1.tlog
C:\Users\Mike\Documents\UPenn\CIS-660_(Adv_Topics_in_CG)\Assignments\Authoring Tool Project\LocoSoft Maya\LocoSoft Maya\x64\Debug\link.5816-cvtres.read.1.tlog
C:\Users\Mike\Documents\UPenn\CIS-660_(Adv_Topics_in_CG)\Assignments\Authoring Tool Project\LocoSoft Maya\LocoSoft Maya\x64\Debug\link.5816-cvtres.write.1.tlog
C:\Users\Mike\Documents\UPenn\CIS-660_(Adv_Topics_in_CG)\Assignments\Authoring Tool Project\LocoSoft Maya\LocoSoft Maya\x64\Debug\link.5816.read.1.tlog
C:\Users\Mike\Documents\UPenn\CIS-660_(Adv_Topics_in_CG)\Assignments\Authoring Tool Project\LocoSoft Maya\LocoSoft Maya\x64\Debug\link.5816.write.1.tlog
C:\Users\Mike\Documents\UPenn\CIS-660_(Adv_Topics_in_CG)\Assignments\Authoring Tool Project\LocoSoft Maya\LocoSoft Maya\x64\Debug\link.6300-cvtres.read.1.tlog
C:\Users\Mike\Documents\UPenn\CIS-660_(Adv_Topics_in_CG)\Assignments\Authoring Tool Project\LocoSoft Maya\LocoSoft Maya\x64\Debug\link.6300-cvtres.write.1.tlog
C:\Users\Mike\Documents\UPenn\CIS-660_(Adv_Topics_in_CG)\Assignments\Authoring Tool Project\LocoSoft Maya\LocoSoft Maya\x64\Debug\link.6300.read.1.tlog
C:\Users\Mike\Documents\UPenn\CIS-660_(Adv_Topics_in_CG)\Assignments\Authoring Tool Project\LocoSoft Maya\LocoSoft Maya\x64\Debug\link.6300.write.1.tlog
C:\Users\Mike\Documents\UPenn\CIS-660_(Adv_Topics_in_CG)\Assignments\Authoring Tool Project\LocoSoft Maya\LocoSoft Maya\x64\Debug\link.6340-cvtres.read.1.tlog
C:\Users\Mike\Documents\UPenn\CIS-660_(Adv_Topics_in_CG)\Assignments\Authoring Tool Project\LocoSoft Maya\LocoSoft Maya\x64\Debug\link.6340-cvtres.write.1.tlog
C:\Users\Mike\Documents\UPenn\CIS-660_(Adv_Topics_in_CG)\Assignments\Authoring Tool Project\LocoSoft Maya\LocoSoft Maya\x64\Debug\link.6340-rc.read.1.tlog
C:\Users\Mike\Documents\UPenn\CIS-660_(Adv_Topics_in_CG)\Assignments\Authoring Tool Project\LocoSoft Maya\LocoSoft Maya\x64\Debug\link.6340-rc.write.1.tlog
C:\Users\Mike\Documents\UPenn\CIS-660_(Adv_Topics_in_CG)\Assignments\Authoring Tool Project\LocoSoft Maya\LocoSoft Maya\x64\Debug\link.6340.read.1.tlog
C:\Users\Mike\Documents\UPenn\CIS-660_(Adv_Topics_in_CG)\Assignments\Authoring Tool Project\LocoSoft Maya\LocoSoft Maya\x64\Debug\link.6340.write.1.tlog
C:\Users\Mike\Documents\UPenn\CIS-660_(Adv_Topics_in_CG)\Assignments\Authoring Tool Project\LocoSoft Maya\LocoSoft Maya\x64\Debug\link.6400-cvtres.read.1.tlog
C:\Users\Mike\Documents\UPenn\CIS-660_(Adv_Topics_in_CG)\Assignments\Authoring Tool Project\LocoSoft Maya\LocoSoft Maya\x64\Debug\link.6400-cvtres.write.1.tlog
C:\Users\Mike\Documents\UPenn\CIS-660_(Adv_Topics_in_CG)\Assignments\Authoring Tool Project\LocoSoft Maya\LocoSoft Maya\x64\Debug\link.6400.read.1.tlog
C:\Users\Mike\Documents\UPenn\CIS-660_(Adv_Topics_in_CG)\Assignments\Authoring Tool Project\LocoSoft Maya\LocoSoft Maya\x64\Debug\link.6400.write.1.tlog
C:\Users\Mike\Documents\UPenn\CIS-660_(Adv_Topics_in_CG)\Assignments\Authoring Tool Project\LocoSoft Maya\LocoSoft Maya\x64\Debug\link.6628-cvtres.read.1.tlog
C:\Users\Mike\Documents\UPenn\CIS-660_(Adv_Topics_in_CG)\Assignments\Authoring Tool Project\LocoSoft Maya\LocoSoft Maya\x64\Debug\link.6628-cvtres.write.1.tlog
C:\Users\Mike\Documents\UPenn\CIS-660_(Adv_Topics_in_CG)\Assignments\Authoring Tool Project\LocoSoft Maya\LocoSoft Maya\x64\Debug\link.6628.read.1.tlog
C:\Users\Mike\Documents\UPenn\CIS-660_(Adv_Topics_in_CG)\Assignments\Authoring Tool Project\LocoSoft Maya\LocoSoft Maya\x64\Debug\link.6628.write.1.tlog
C:\Users\Mike\Documents\UPenn\CIS-660_(Adv_Topics_in_CG)\Assignments\Authoring Tool Project\LocoSoft Maya\LocoSoft Maya\x64\Debug\link.6760-cvtres.read.1.tlog
C:\Users\Mike\Documents\UPenn\CIS-660_(Adv_Topics_in_CG)\Assignments\Authoring Tool Project\LocoSoft Maya\LocoSoft Maya\x64\Debug\link.6760-cvtres.write.1.tlog
C:\Users\Mike\Documents\UPenn\CIS-660_(Adv_Topics_in_CG)\Assignments\Authoring Tool Project\LocoSoft Maya\LocoSoft Maya\x64\Debug\link.6760-rc.read.1.tlog
C:\Users\Mike\Documents\UPenn\CIS-660_(Adv_Topics_in_CG)\Assignments\Authoring Tool Project\LocoSoft Maya\LocoSoft Maya\x64\Debug\link.6760-rc.write.1.tlog
C:\Users\Mike\Documents\UPenn\CIS-660_(Adv_Topics_in_CG)\Assignments\Authoring Tool Project\LocoSoft Maya\LocoSoft Maya\x64\Debug\link.6760.read.1.tlog
C:\Users\Mike\Documents\UPenn\CIS-660_(Adv_Topics_in_CG)\Assignments\Authoring Tool Project\LocoSoft Maya\LocoSoft Maya\x64\Debug\link.6760.write.1.tlog
C:\Users\Mike\Documents\UPenn\CIS-660_(Adv_Topics_in_CG)\Assignments\Authoring Tool Project\LocoSoft Maya\LocoSoft Maya\x64\Debug\link.7068-cvtres.read.1.tlog
C:\Users\Mike\Documents\UPenn\CIS-660_(Adv_Topics_in_CG)\Assignments\Authoring Tool Project\LocoSoft Maya\LocoSoft Maya\x64\Debug\link.7068-cvtres.write.1.tlog
C:\Users\Mike\Documents\UPenn\CIS-660_(Adv_Topics_in_CG)\Assignments\Authoring Tool Project\LocoSoft Maya\LocoSoft Maya\x64\Debug\link.7068.read.1.tlog
C:\Users\Mike\Documents\UPenn\CIS-660_(Adv_Topics_in_CG)\Assignments\Authoring Tool Project\LocoSoft Maya\LocoSoft Maya\x64\Debug\link.7068.write.1.tlog
C:\Users\Mike\Documents\UPenn\CIS-660_(Adv_Topics_in_CG)\Assignments\Authoring Tool Project\LocoSoft Maya\LocoSoft Maya\x64\Debug\link.7080-cvtres.read.1.tlog
C:\Users\Mike\Documents\UPenn\CIS-660_(Adv_Topics_in_CG)\Assignments\Authoring Tool Project\LocoSoft Maya\LocoSoft Maya\x64\Debug\link.7080-cvtres.write.1.tlog
C:\Users\Mike\Documents\UPenn\CIS-660_(Adv_Topics_in_CG)\Assignments\Authoring Tool Project\LocoSoft Maya\LocoSoft Maya\x64\Debug\link.7080.read.1.tlog
C:\Users\Mike\Documents\UPenn\CIS-660_(Adv_Topics_in_CG)\Assignments\Authoring Tool Project\LocoSoft Maya\LocoSoft Maya\x64\Debug\link.7080.write.1.tlog
C:\Users\Mike\Documents\UPenn\CIS-660_(Adv_Topics_in_CG)\Assignments\Authoring Tool Project\LocoSoft Maya\LocoSoft Maya\x64\Debug\link.7280-cvtres.read.1.tlog
C:\Users\Mike\Documents\UPenn\CIS-660_(Adv_Topics_in_CG)\Assignments\Authoring Tool Project\LocoSoft Maya\LocoSoft Maya\x64\Debug\link.7280-cvtres.write.1.tlog
C:\Users\Mike\Documents\UPenn\CIS-660_(Adv_Topics_in_CG)\Assignments\Authoring Tool Project\LocoSoft Maya\LocoSoft Maya\x64\Debug\link.7280.read.1.tlog
C:\Users\Mike\Documents\UPenn\CIS-660_(Adv_Topics_in_CG)\Assignments\Authoring Tool Project\LocoSoft Maya\LocoSoft Maya\x64\Debug\link.7280.write.1.tlog
C:\Users\Mike\Documents\UPenn\CIS-660_(Adv_Topics_in_CG)\Assignments\Authoring Tool Project\LocoSoft Maya\LocoSoft Maya\x64\Debug\link.7336-cvtres.read.1.tlog
C:\Users\Mike\Documents\UPenn\CIS-660_(Adv_Topics_in_CG)\Assignments\Authoring Tool Project\LocoSoft Maya\LocoSoft Maya\x64\Debug\link.7336-cvtres.write.1.tlog
C:\Users\Mike\Documents\UPenn\CIS-660_(Adv_Topics_in_CG)\Assignments\Authoring Tool Project\LocoSoft Maya\LocoSoft Maya\x64\Debug\link.7336-rc.read.1.tlog
C:\Users\Mike\Documents\UPenn\CIS-660_(Adv_Topics_in_CG)\Assignments\Authoring Tool Project\LocoSoft Maya\LocoSoft Maya\x64\Debug\link.7336-rc.write.1.tlog
C:\Users\Mike\Documents\UPenn\CIS-660_(Adv_Topics_in_CG)\Assignments\Authoring Tool Project\LocoSoft Maya\LocoSoft Maya\x64\Debug\link.7336.read.1.tlog
C:\Users\Mike\Documents\UPenn\CIS-660_(Adv_Topics_in_CG)\Assignments\Authoring Tool Project\LocoSoft Maya\LocoSoft Maya\x64\Debug\link.7336.write.1.tlog
C:\Users\Mike\Documents\UPenn\CIS-660_(Adv_Topics_in_CG)\Assignments\Authoring Tool Project\LocoSoft Maya\LocoSoft Maya\x64\Debug\link.7384-cvtres.read.1.tlog
C:\Users\Mike\Documents\UPenn\CIS-660_(Adv_Topics_in_CG)\Assignments\Authoring Tool Project\LocoSoft Maya\LocoSoft Maya\x64\Debug\link.7384-cvtres.write.1.tlog
C:\Users\Mike\Documents\UPenn\CIS-660_(Adv_Topics_in_CG)\Assignments\Authoring Tool Project\LocoSoft Maya\LocoSoft Maya\x64\Debug\link.7384.read.1.tlog
C:\Users\Mike\Documents\UPenn\CIS-660_(Adv_Topics_in_CG)\Assignments\Authoring Tool Project\LocoSoft Maya\LocoSoft Maya\x64\Debug\link.7384.write.1.tlog
C:\Users\Mike\Documents\UPenn\CIS-660_(Adv_Topics_in_CG)\Assignments\Authoring Tool Project\LocoSoft Maya\LocoSoft Maya\x64\Debug\link.7396-cvtres.read.1.tlog
C:\Users\Mike\Documents\UPenn\CIS-660_(Adv_Topics_in_CG)\Assignments\Authoring Tool Project\LocoSoft Maya\LocoSoft Maya\x64\Debug\link.7396-cvtres.write.1.tlog
C:\Users\Mike\Documents\UPenn\CIS-660_(Adv_Topics_in_CG)\Assignments\Authoring Tool Project\LocoSoft Maya\LocoSoft Maya\x64\Debug\link.7396.read.1.tlog
C:\Users\Mike\Documents\UPenn\CIS-660_(Adv_Topics_in_CG)\Assignments\Authoring Tool Project\LocoSoft Maya\LocoSoft Maya\x64\Debug\link.7396.write.1.tlog
C:\Users\Mike\Documents\UPenn\CIS-660_(Adv_Topics_in_CG)\Assignments\Authoring Tool Project\LocoSoft Maya\LocoSoft Maya\x64\Debug\link.7452-cvtres.read.1.tlog
C:\Users\Mike\Documents\UPenn\CIS-660_(Adv_Topics_in_CG)\Assignments\Authoring Tool Project\LocoSoft Maya\LocoSoft Maya\x64\Debug\link.7452-cvtres.write.1.tlog
C:\Users\Mike\Documents\UPenn\CIS-660_(Adv_Topics_in_CG)\Assignments\Authoring Tool Project\LocoSoft Maya\LocoSoft Maya\x64\Debug\link.7452.read.1.tlog
C:\Users\Mike\Documents\UPenn\CIS-660_(Adv_Topics_in_CG)\Assignments\Authoring Tool Project\LocoSoft Maya\LocoSoft Maya\x64\Debug\link.7452.write.1.tlog
C:\Users\Mike\Documents\UPenn\CIS-660_(Adv_Topics_in_CG)\Assignments\Authoring Tool Project\LocoSoft Maya\LocoSoft Maya\x64\Debug\link.7580-cvtres.read.1.tlog
C:\Users\Mike\Documents\UPenn\CIS-660_(Adv_Topics_in_CG)\Assignments\Authoring Tool Project\LocoSoft Maya\LocoSoft Maya\x64\Debug\link.7580-cvtres.write.1.tlog
C:\Users\Mike\Documents\UPenn\CIS-660_(Adv_Topics_in_CG)\Assignments\Authoring Tool Project\LocoSoft Maya\LocoSoft Maya\x64\Debug\link.7580-rc.read.1.tlog
C:\Users\Mike\Documents\UPenn\CIS-660_(Adv_Topics_in_CG)\Assignments\Authoring Tool Project\LocoSoft Maya\LocoSoft Maya\x64\Debug\link.7580-rc.write.1.tlog
C:\Users\Mike\Documents\UPenn\CIS-660_(Adv_Topics_in_CG)\Assignments\Authoring Tool Project\LocoSoft Maya\LocoSoft Maya\x64\Debug\link.7580.read.1.tlog
C:\Users\Mike\Documents\UPenn\CIS-660_(Adv_Topics_in_CG)\Assignments\Authoring Tool Project\LocoSoft Maya\LocoSoft Maya\x64\Debug\link.7580.write.1.tlog
C:\Users\Mike\Documents\UPenn\CIS-660_(Adv_Topics_in_CG)\Assignments\Authoring Tool Project\LocoSoft Maya\LocoSoft Maya\x64\Debug\link.7592-cvtres.read.1.tlog
C:\Users\Mike\Documents\UPenn\CIS-660_(Adv_Topics_in_CG)\Assignments\Authoring Tool Project\LocoSoft Maya\LocoSoft Maya\x64\Debug\link.7592-cvtres.write.1.tlog
C:\Users\Mike\Documents\UPenn\CIS-660_(Adv_Topics_in_CG)\Assignments\Authoring Tool Project\LocoSoft Maya\LocoSoft Maya\x64\Debug\link.7592-rc.read.1.tlog
C:\Users\Mike\Documents\UPenn\CIS-660_(Adv_Topics_in_CG)\Assignments\Authoring Tool Project\LocoSoft Maya\LocoSoft Maya\x64\Debug\link.7592-rc.write.1.tlog
C:\Users\Mike\Documents\UPenn\CIS-660_(Adv_Topics_in_CG)\Assignments\Authoring Tool Project\LocoSoft Maya\LocoSoft Maya\x64\Debug\link.7592.read.1.tlog
C:\Users\Mike\Documents\UPenn\CIS-660_(Adv_Topics_in_CG)\Assignments\Authoring Tool Project\LocoSoft Maya\LocoSoft Maya\x64\Debug\link.7592.write.1.tlog
C:\Users\Mike\Documents\UPenn\CIS-660_(Adv_Topics_in_CG)\Assignments\Authoring Tool Project\LocoSoft Maya\LocoSoft Maya\x64\Debug\link.7656-cvtres.read.1.tlog
C:\Users\Mike\Documents\UPenn\CIS-660_(Adv_Topics_in_CG)\Assignments\Authoring Tool Project\LocoSoft Maya\LocoSoft Maya\x64\Debug\link.7656-cvtres.write.1.tlog
C:\Users\Mike\Documents\UPenn\CIS-660_(Adv_Topics_in_CG)\Assignments\Authoring Tool Project\LocoSoft Maya\LocoSoft Maya\x64\Debug\link.7656.read.1.tlog
C:\Users\Mike\Documents\UPenn\CIS-660_(Adv_Topics_in_CG)\Assignments\Authoring Tool Project\LocoSoft Maya\LocoSoft Maya\x64\Debug\link.7656.write.1.tlog
C:\Users\Mike\Documents\UPenn\CIS-660_(Adv_Topics_in_CG)\Assignments\Authoring Tool Project\LocoSoft Maya\LocoSoft Maya\x64\Debug\link.7672-cvtres.read.1.tlog
C:\Users\Mike\Documents\UPenn\CIS-660_(Adv_Topics_in_CG)\Assignments\Authoring Tool Project\LocoSoft Maya\LocoSoft Maya\x64\Debug\link.7672-cvtres.write.1.tlog
C:\Users\Mike\Documents\UPenn\CIS-660_(Adv_Topics_in_CG)\Assignments\Authoring Tool Project\LocoSoft Maya\LocoSoft Maya\x64\Debug\link.7672-rc.read.1.tlog
C:\Users\Mike\Documents\UPenn\CIS-660_(Adv_Topics_in_CG)\Assignments\Authoring Tool Project\LocoSoft Maya\LocoSoft Maya\x64\Debug\link.7672-rc.write.1.tlog
C:\Users\Mike\Documents\UPenn\CIS-660_(Adv_Topics_in_CG)\Assignments\Authoring Tool Project\LocoSoft Maya\LocoSoft Maya\x64\Debug\link.7672.read.1.tlog
C:\Users\Mike\Documents\UPenn\CIS-660_(Adv_Topics_in_CG)\Assignments\Authoring Tool Project\LocoSoft Maya\LocoSoft Maya\x64\Debug\link.7672.write.1.tlog
C:\Users\Mike\Documents\UPenn\CIS-660_(Adv_Topics_in_CG)\Assignments\Authoring Tool Project\LocoSoft Maya\LocoSoft Maya\x64\Debug\link.8248-cvtres.read.1.tlog
C:\Users\Mike\Documents\UPenn\CIS-660_(Adv_Topics_in_CG)\Assignments\Authoring Tool Project\LocoSoft Maya\LocoSoft Maya\x64\Debug\link.8248-cvtres.write.1.tlog
C:\Users\Mike\Documents\UPenn\CIS-660_(Adv_Topics_in_CG)\Assignments\Authoring Tool Project\LocoSoft Maya\LocoSoft Maya\x64\Debug\link.8248.read.1.tlog
C:\Users\Mike\Documents\UPenn\CIS-660_(Adv_Topics_in_CG)\Assignments\Authoring Tool Project\LocoSoft Maya\LocoSoft Maya\x64\Debug\link.8248.write.1.tlog
C:\Users\Mike\Documents\UPenn\CIS-660_(Adv_Topics_in_CG)\Assignments\Authoring Tool Project\LocoSoft Maya\LocoSoft Maya\x64\Debug\link.8636-cvtres.read.1.tlog
C:\Users\Mike\Documents\UPenn\CIS-660_(Adv_Topics_in_CG)\Assignments\Authoring Tool Project\LocoSoft Maya\LocoSoft Maya\x64\Debug\link.8636-cvtres.write.1.tlog
C:\Users\Mike\Documents\UPenn\CIS-660_(Adv_Topics_in_CG)\Assignments\Authoring Tool Project\LocoSoft Maya\LocoSoft Maya\x64\Debug\link.8636-rc.read.1.tlog
C:\Users\Mike\Documents\UPenn\CIS-660_(Adv_Topics_in_CG)\Assignments\Authoring Tool Project\LocoSoft Maya\LocoSoft Maya\x64\Debug\link.8636-rc.write.1.tlog
C:\Users\Mike\Documents\UPenn\CIS-660_(Adv_Topics_in_CG)\Assignments\Authoring Tool Project\LocoSoft Maya\LocoSoft Maya\x64\Debug\link.8636.read.1.tlog
C:\Users\Mike\Documents\UPenn\CIS-660_(Adv_Topics_in_CG)\Assignments\Authoring Tool Project\LocoSoft Maya\LocoSoft Maya\x64\Debug\link.8636.write.1.tlog
C:\Users\Mike\Documents\UPenn\CIS-660_(Adv_Topics_in_CG)\Assignments\Authoring Tool Project\LocoSoft Maya\LocoSoft Maya\x64\Debug\link.8888-cvtres.read.1.tlog
C:\Users\Mike\Documents\UPenn\CIS-660_(Adv_Topics_in_CG)\Assignments\Authoring Tool Project\LocoSoft Maya\LocoSoft Maya\x64\Debug\link.8888-cvtres.write.1.tlog
C:\Users\Mike\Documents\UPenn\CIS-660_(Adv_Topics_in_CG)\Assignments\Authoring Tool Project\LocoSoft Maya\LocoSoft Maya\x64\Debug\link.8888-rc.read.1.tlog
C:\Users\Mike\Documents\UPenn\CIS-660_(Adv_Topics_in_CG)\Assignments\Authoring Tool Project\LocoSoft Maya\LocoSoft Maya\x64\Debug\link.8888-rc.write.1.tlog
C:\Users\Mike\Documents\UPenn\CIS-660_(Adv_Topics_in_CG)\Assignments\Authoring Tool Project\LocoSoft Maya\LocoSoft Maya\x64\Debug\link.8888.read.1.tlog
C:\Users\Mike\Documents\UPenn\CIS-660_(Adv_Topics_in_CG)\Assignments\Authoring Tool Project\LocoSoft Maya\LocoSoft Maya\x64\Debug\link.8888.write.1.tlog
C:\Users\Mike\Documents\UPenn\CIS-660_(Adv_Topics_in_CG)\Assignments\Authoring Tool Project\LocoSoft Maya\LocoSoft Maya\x64\Debug\link.9028-cvtres.read.1.tlog
C:\Users\Mike\Documents\UPenn\CIS-660_(Adv_Topics_in_CG)\Assignments\Authoring Tool Project\LocoSoft Maya\LocoSoft Maya\x64\Debug\link.9028-cvtres.write.1.tlog
C:\Users\Mike\Documents\UPenn\CIS-660_(Adv_Topics_in_CG)\Assignments\Authoring Tool Project\LocoSoft Maya\LocoSoft Maya\x64\Debug\link.9028.read.1.tlog
C:\Users\Mike\Documents\UPenn\CIS-660_(Adv_Topics_in_CG)\Assignments\Authoring Tool Project\LocoSoft Maya\LocoSoft Maya\x64\Debug\link.9028.write.1.tlog
C:\Users\Mike\Documents\UPenn\CIS-660_(Adv_Topics_in_CG)\Assignments\Authoring Tool Project\LocoSoft Maya\LocoSoft Maya\x64\Debug\link.command.1.tlog
C:\Users\Mike\Documents\UPenn\CIS-660_(Adv_Topics_in_CG)\Assignments\Authoring Tool Project\LocoSoft Maya\LocoSoft Maya\x64\Debug\link.read.1.tlog
C:\Users\Mike\Documents\UPenn\CIS-660_(Adv_Topics_in_CG)\Assignments\Authoring Tool Project\LocoSoft Maya\LocoSoft Maya\x64\Debug\link.write.1.tlog
C:\Users\Mike\Documents\UPenn\CIS-660_(Adv_Topics_in_CG)\Assignments\Authoring Tool Project\LocoSoft Maya\LocoSoft Maya\x64\Debug\LocoSoft.write.1.tlog
C:\Users\Mike\Documents\UPenn\CIS-660_(Adv_Topics_in_CG)\Assignments\Authoring Tool Project\LocoSoft Maya\LocoSoft Maya\x64\Debug\mt.command.1.tlog
C:\Users\Mike\Documents\UPenn\CIS-660_(Adv_Topics_in_CG)\Assignments\Authoring Tool Project\LocoSoft Maya\LocoSoft Maya\x64\Debug\mt.read.1.tlog
C:\Users\Mike\Documents\UPenn\CIS-660_(Adv_Topics_in_CG)\Assignments\Authoring Tool Project\LocoSoft Maya\LocoSoft Maya\x64\Debug\mt.write.1.tlog
C:\Users\Mike\Documents\UPenn\CIS-660_(Adv_Topics_in_CG)\Assignments\Authoring Tool Project\LocoSoft Maya\LocoSoft Maya\x64\Debug\rc.command.1.tlog
C:\Users\Mike\Documents\UPenn\CIS-660_(Adv_Topics_in_CG)\Assignments\Authoring Tool Project\LocoSoft Maya\LocoSoft Maya\x64\Debug\rc.read.1.tlog
C:\Users\Mike\Documents\UPenn\CIS-660_(Adv_Topics_in_CG)\Assignments\Authoring Tool Project\LocoSoft Maya\LocoSoft Maya\x64\Debug\rc.write.1.tlog
C:\Users\Mike\Documents\UPenn\CIS-660_(Adv_Topics_in_CG)\Assignments\Authoring Tool Project\LocoSoft Maya\LocoSoft Maya\x64\Debug\LocoSoftd.mll.embed.manifest
C:\Users\Mike\Documents\UPenn\CIS-660_(Adv_Topics_in_CG)\Assignments\Authoring Tool Project\LocoSoft Maya\LocoSoft Maya\x64\Debug\LocoSoftd.mll.intermediate.manifest
C:\Users\Mike\Documents\UPenn\CIS-660_(Adv_Topics_in_CG)\Assignments\Authoring Tool Project\LocoSoft Maya\LocoSoft Maya\x64\Debug\LocoSoftd.mll.embed.manifest.res
C:\Users\Mike\Documents\UPenn\CIS-660_(Adv_Topics_in_CG)\Assignments\Authoring Tool Project\LocoSoft Maya\LocoSoft Maya\x64\Debug\LocoSoftd_manifest.rc
C:\Users\Mike\Documents\UPenn\CIS-660_(Adv_Topics_in_CG)\Assignments\Authoring Tool Project\LocoSoft Maya\LocoSoft Maya\.\LocoSoftd.mll
