Build started 10/9/2013 7:12:39 PM.
     1>Project "G:\acads\UPenn\Spring2013\AdvancedComputerGraphicsAndAnimation\AuthoringTool\LocoSoftMayaPlugin\MyPlugin.vcxproj" on node 2 (Build target(s)).
     1>ClCompile:
         G:\software\VisualStudio2010\VC\bin\x86_amd64\CL.exe /c /I. /IG:\software\Autodesk\Maya2013\include /I"C:\Program Files\Autodesk\Maya2013\include" /I.\tetgen\include /I.\vega\ /I./glm /Zi /nologo /W3 /WX- /Od /D _DEBUG /D WIN32 /D _WINDOWS /D NT_PLUGIN /D REQUIRE_IOSTREAM /D _VC80_UPGRADE=0x0710 /D _WINDLL /Gm- /EHa /MDd /GS /fp:precise /Zc:wchar_t /Zc:forScope /Fo".Debug/" /Fd".\Debug/MyPlugin.pdb" /Gd /TP /wd4244 /wd4305 /wd4018 /errorReport:prompt Source\PluginMain.cpp /GR /GS /EHac 
         PluginMain.cpp
     1>g:\acads\upenn\spring2013\advancedcomputergraphicsandanimation\authoringtool\locosoftmayaplugin\vega\volumetricMesh.h(316): warning C4996: 'strcpy': This function or variable may be unsafe. Consider using strcpy_s instead. To disable deprecation, use _CRT_SECURE_NO_WARNINGS. See online help for details.
                 G:\software\VisualStudio2010\VC\include\string.h(105) : see declaration of 'strcpy'
     1>g:\acads\upenn\spring2013\advancedcomputergraphicsandanimation\authoringtool\locosoftmayaplugin\vega\volumetricMesh.h(317): warning C4996: 'strcpy': This function or variable may be unsafe. Consider using strcpy_s instead. To disable deprecation, use _CRT_SECURE_NO_WARNINGS. See online help for details.
                 G:\software\VisualStudio2010\VC\include\string.h(105) : see declaration of 'strcpy'
     1>g:\acads\upenn\spring2013\advancedcomputergraphicsandanimation\authoringtool\locosoftmayaplugin\vega\volumetricMesh.h(325): warning C4996: 'strcpy': This function or variable may be unsafe. Consider using strcpy_s instead. To disable deprecation, use _CRT_SECURE_NO_WARNINGS. See online help for details.
                 G:\software\VisualStudio2010\VC\include\string.h(105) : see declaration of 'strcpy'
     1>g:\acads\upenn\spring2013\advancedcomputergraphicsandanimation\authoringtool\locosoftmayaplugin\vega\volumetricMesh.h(326): warning C4996: 'strcpy': This function or variable may be unsafe. Consider using strcpy_s instead. To disable deprecation, use _CRT_SECURE_NO_WARNINGS. See online help for details.
                 G:\software\VisualStudio2010\VC\include\string.h(105) : see declaration of 'strcpy'
     1>g:\acads\upenn\spring2013\advancedcomputergraphicsandanimation\authoringtool\locosoftmayaplugin\vega\volumetricMesh.h(329): warning C4996: 'strcpy': This function or variable may be unsafe. Consider using strcpy_s instead. To disable deprecation, use _CRT_SECURE_NO_WARNINGS. See online help for details.
                 G:\software\VisualStudio2010\VC\include\string.h(105) : see declaration of 'strcpy'
     1>C:\Program Files (x86)\MSBuild\Microsoft.Cpp\v4.0\Microsoft.CppBuild.targets(990,5): warning MSB8012: TargetPath(G:\acads\UPenn\Spring2013\AdvancedComputerGraphicsAndAnimation\AuthoringTool\LocoSoftMayaPlugin\.\LocoSoftd.mll) does not match the Linker's OutputFile property value (G:\acads\UPenn\Spring2013\AdvancedComputerGraphicsAndAnimation\AuthoringTool\LocoSoftMayaPlugin\MayaDeliverables\LocoSoftd.mll). This may cause your project to build incorrectly. To correct this, please make sure that $(OutDir), $(TargetName) and $(TargetExt) property values match the value specified in %(Link.OutputFile).
       Link:
         G:\software\VisualStudio2010\VC\bin\x86_amd64\link.exe /ERRORREPORT:PROMPT /OUT:".\MayaDeliverables\LocoSoftd.mll" /INCREMENTAL /NOLOGO /LIBPATH:G:\software\Autodesk\Maya2013\lib /LIBPATH:"C:\Program Files\Autodesk\Maya2013\lib" /LIBPATH:.\tetgen\lib\x64\debug\ /LIBPATH:.\vega\lib\ odbc32.lib odbccp32.lib OpenMayaAnim.lib OpenMaya.lib OpenMayaRender.lib Foundation.lib tetgend64.lib Vegad.lib kernel32.lib user32.lib gdi32.lib winspool.lib comdlg32.lib advapi32.lib shell32.lib ole32.lib oleaut32.lib uuid.lib odbc32.lib odbccp32.lib /MANIFEST /ManifestFile:"x64\Debug\LocoSoftd.mll.intermediate.manifest" /MANIFESTUAC:"level='asInvoker' uiAccess='false'" /DEBUG /PDB:".\Debug/MyPlugin.pdb" /SUBSYSTEM:WINDOWS /TLBID:1 /DYNAMICBASE /NXCOMPAT /IMPLIB:".\Debug/MyPlugin.lib" /MACHINE:X64 /DLL x64\Debug\LocoSoftd.mll.embed.manifest.res
         .Debug/LSComponentNode.obj
         .Debug/LSSolverNode.obj
         .Debug/PluginMain.obj
         .Debug/LSTetgenNode.obj
         .Debug/soft_body_sim.obj /export:initializePlugin /export:uninitializePlugin  
            Creating library .\Debug/MyPlugin.lib and object .\Debug/MyPlugin.exp
     1>tetgend64.lib(predicates.obj) : warning LNK4099: PDB 'vc100.pdb' was not found with 'tetgend64.lib(predicates.obj)' or at 'G:\acads\UPenn\Spring2013\AdvancedComputerGraphicsAndAnimation\AuthoringTool\LocoSoftMayaPlugin\Debug\vc100.pdb'; linking object as if no debug info
     1>tetgend64.lib(tetgen.obj) : warning LNK4099: PDB 'vc100.pdb' was not found with 'tetgend64.lib(tetgen.obj)' or at 'G:\acads\UPenn\Spring2013\AdvancedComputerGraphicsAndAnimation\AuthoringTool\LocoSoftMayaPlugin\Debug\vc100.pdb'; linking object as if no debug info
     1>Vegad.lib(corotationalLinearFEM.obj) : warning LNK4099: PDB 'vc100.pdb' was not found with 'Vegad.lib(corotationalLinearFEM.obj)' or at 'G:\acads\UPenn\Spring2013\AdvancedComputerGraphicsAndAnimation\AuthoringTool\LocoSoftMayaPlugin\Debug\vc100.pdb'; linking object as if no debug info
     1>Vegad.lib(corotationalLinearFEMForceModel.obj) : warning LNK4099: PDB 'vc100.pdb' was not found with 'Vegad.lib(corotationalLinearFEMForceModel.obj)' or at 'G:\acads\UPenn\Spring2013\AdvancedComputerGraphicsAndAnimation\AuthoringTool\LocoSoftMayaPlugin\Debug\vc100.pdb'; linking object as if no debug info
     1>Vegad.lib(massSpringSystemForceModel.obj) : warning LNK4099: PDB 'vc100.pdb' was not found with 'Vegad.lib(massSpringSystemForceModel.obj)' or at 'G:\acads\UPenn\Spring2013\AdvancedComputerGraphicsAndAnimation\AuthoringTool\LocoSoftMayaPlugin\Debug\vc100.pdb'; linking object as if no debug info
     1>Vegad.lib(forceModel.obj) : warning LNK4099: PDB 'vc100.pdb' was not found with 'Vegad.lib(forceModel.obj)' or at 'G:\acads\UPenn\Spring2013\AdvancedComputerGraphicsAndAnimation\AuthoringTool\LocoSoftMayaPlugin\Debug\vc100.pdb'; linking object as if no debug info
     1>Vegad.lib(insertRows.obj) : warning LNK4099: PDB 'vc100.pdb' was not found with 'Vegad.lib(insertRows.obj)' or at 'G:\acads\UPenn\Spring2013\AdvancedComputerGraphicsAndAnimation\AuthoringTool\LocoSoftMayaPlugin\Debug\vc100.pdb'; linking object as if no debug info
     1>Vegad.lib(centralDifferencesSparse.obj) : warning LNK4099: PDB 'vc100.pdb' was not found with 'Vegad.lib(centralDifferencesSparse.obj)' or at 'G:\acads\UPenn\Spring2013\AdvancedComputerGraphicsAndAnimation\AuthoringTool\LocoSoftMayaPlugin\Debug\vc100.pdb'; linking object as if no debug info
     1>Vegad.lib(eulerSparse.obj) : warning LNK4099: PDB 'vc100.pdb' was not found with 'Vegad.lib(eulerSparse.obj)' or at 'G:\acads\UPenn\Spring2013\AdvancedComputerGraphicsAndAnimation\AuthoringTool\LocoSoftMayaPlugin\Debug\vc100.pdb'; linking object as if no debug info
     1>Vegad.lib(implicitBackwardEulerSparse.obj) : warning LNK4099: PDB 'vc100.pdb' was not found with 'Vegad.lib(implicitBackwardEulerSparse.obj)' or at 'G:\acads\UPenn\Spring2013\AdvancedComputerGraphicsAndAnimation\AuthoringTool\LocoSoftMayaPlugin\Debug\vc100.pdb'; linking object as if no debug info
     1>Vegad.lib(implicitNewmarkSparse.obj) : warning LNK4099: PDB 'vc100.pdb' was not found with 'Vegad.lib(implicitNewmarkSparse.obj)' or at 'G:\acads\UPenn\Spring2013\AdvancedComputerGraphicsAndAnimation\AuthoringTool\LocoSoftMayaPlugin\Debug\vc100.pdb'; linking object as if no debug info
     1>Vegad.lib(integratorBase.obj) : warning LNK4099: PDB 'vc100.pdb' was not found with 'Vegad.lib(integratorBase.obj)' or at 'G:\acads\UPenn\Spring2013\AdvancedComputerGraphicsAndAnimation\AuthoringTool\LocoSoftMayaPlugin\Debug\vc100.pdb'; linking object as if no debug info
     1>Vegad.lib(integratorBaseSparse.obj) : warning LNK4099: PDB 'vc100.pdb' was not found with 'Vegad.lib(integratorBaseSparse.obj)' or at 'G:\acads\UPenn\Spring2013\AdvancedComputerGraphicsAndAnimation\AuthoringTool\LocoSoftMayaPlugin\Debug\vc100.pdb'; linking object as if no debug info
     1>Vegad.lib(massSpringSystem.obj) : warning LNK4099: PDB 'vc100.pdb' was not found with 'Vegad.lib(massSpringSystem.obj)' or at 'G:\acads\UPenn\Spring2013\AdvancedComputerGraphicsAndAnimation\AuthoringTool\LocoSoftMayaPlugin\Debug\vc100.pdb'; linking object as if no debug info
     1>Vegad.lib(massSpringSystemFromTetMesh.obj) : warning LNK4099: PDB 'vc100.pdb' was not found with 'Vegad.lib(massSpringSystemFromTetMesh.obj)' or at 'G:\acads\UPenn\Spring2013\AdvancedComputerGraphicsAndAnimation\AuthoringTool\LocoSoftMayaPlugin\Debug\vc100.pdb'; linking object as if no debug info
     1>Vegad.lib(polarDecomposition.obj) : warning LNK4099: PDB 'vc100.pdb' was not found with 'Vegad.lib(polarDecomposition.obj)' or at 'G:\acads\UPenn\Spring2013\AdvancedComputerGraphicsAndAnimation\AuthoringTool\LocoSoftMayaPlugin\Debug\vc100.pdb'; linking object as if no debug info
     1>Vegad.lib(sparseMatrix.obj) : warning LNK4099: PDB 'vc100.pdb' was not found with 'Vegad.lib(sparseMatrix.obj)' or at 'G:\acads\UPenn\Spring2013\AdvancedComputerGraphicsAndAnimation\AuthoringTool\LocoSoftMayaPlugin\Debug\vc100.pdb'; linking object as if no debug info
     1>Vegad.lib(CGSolver.obj) : warning LNK4099: PDB 'vc100.pdb' was not found with 'Vegad.lib(CGSolver.obj)' or at 'G:\acads\UPenn\Spring2013\AdvancedComputerGraphicsAndAnimation\AuthoringTool\LocoSoftMayaPlugin\Debug\vc100.pdb'; linking object as if no debug info
     1>Vegad.lib(linearSolver.obj) : warning LNK4099: PDB 'vc100.pdb' was not found with 'Vegad.lib(linearSolver.obj)' or at 'G:\acads\UPenn\Spring2013\AdvancedComputerGraphicsAndAnimation\AuthoringTool\LocoSoftMayaPlugin\Debug\vc100.pdb'; linking object as if no debug info
     1>Vegad.lib(tetMesh.obj) : warning LNK4099: PDB 'vc100.pdb' was not found with 'Vegad.lib(tetMesh.obj)' or at 'G:\acads\UPenn\Spring2013\AdvancedComputerGraphicsAndAnimation\AuthoringTool\LocoSoftMayaPlugin\Debug\vc100.pdb'; linking object as if no debug info
     1>Vegad.lib(volumetricMesh.obj) : warning LNK4099: PDB 'vc100.pdb' was not found with 'Vegad.lib(volumetricMesh.obj)' or at 'G:\acads\UPenn\Spring2013\AdvancedComputerGraphicsAndAnimation\AuthoringTool\LocoSoftMayaPlugin\Debug\vc100.pdb'; linking object as if no debug info
     1>Vegad.lib(volumetricMeshENuMaterial.obj) : warning LNK4099: PDB 'vc100.pdb' was not found with 'Vegad.lib(volumetricMeshENuMaterial.obj)' or at 'G:\acads\UPenn\Spring2013\AdvancedComputerGraphicsAndAnimation\AuthoringTool\LocoSoftMayaPlugin\Debug\vc100.pdb'; linking object as if no debug info
     1>Vegad.lib(volumetricMeshMooneyRivlinMaterial.obj) : warning LNK4099: PDB 'vc100.pdb' was not found with 'Vegad.lib(volumetricMeshMooneyRivlinMaterial.obj)' or at 'G:\acads\UPenn\Spring2013\AdvancedComputerGraphicsAndAnimation\AuthoringTool\LocoSoftMayaPlugin\Debug\vc100.pdb'; linking object as if no debug info
     1>Vegad.lib(volumetricMeshParser.obj) : warning LNK4099: PDB 'vc100.pdb' was not found with 'Vegad.lib(volumetricMeshParser.obj)' or at 'G:\acads\UPenn\Spring2013\AdvancedComputerGraphicsAndAnimation\AuthoringTool\LocoSoftMayaPlugin\Debug\vc100.pdb'; linking object as if no debug info
         MyPlugin.vcxproj -> G:\acads\UPenn\Spring2013\AdvancedComputerGraphicsAndAnimation\AuthoringTool\LocoSoftMayaPlugin\.\LocoSoftd.mll
       Manifest:
         C:\Program Files (x86)\Microsoft SDKs\Windows\v7.0A\bin\mt.exe /nologo /verbose /out:"x64\Debug\LocoSoftd.mll.embed.manifest" /manifest x64\Debug\LocoSoftd.mll.intermediate.manifest
         C:\Program Files (x86)\Microsoft SDKs\Windows\v7.0A\bin\rc.exe /nologo /fo"x64\Debug\LocoSoftd.mll.embed.manifest.res" x64\Debug\LocoSoftd_manifest.rc 
       LinkEmbedManifest:
         G:\software\VisualStudio2010\VC\bin\x86_amd64\link.exe /ERRORREPORT:PROMPT /OUT:".\MayaDeliverables\LocoSoftd.mll" /INCREMENTAL /NOLOGO /LIBPATH:G:\software\Autodesk\Maya2013\lib /LIBPATH:"C:\Program Files\Autodesk\Maya2013\lib" /LIBPATH:.\tetgen\lib\x64\debug\ /LIBPATH:.\vega\lib\ odbc32.lib odbccp32.lib OpenMayaAnim.lib OpenMaya.lib OpenMayaRender.lib Foundation.lib tetgend64.lib Vegad.lib kernel32.lib user32.lib gdi32.lib winspool.lib comdlg32.lib advapi32.lib shell32.lib ole32.lib oleaut32.lib uuid.lib odbc32.lib odbccp32.lib /MANIFEST /ManifestFile:"x64\Debug\LocoSoftd.mll.intermediate.manifest" /MANIFESTUAC:"level='asInvoker' uiAccess='false'" /DEBUG /PDB:".\Debug/MyPlugin.pdb" /SUBSYSTEM:WINDOWS /TLBID:1 /DYNAMICBASE /NXCOMPAT /IMPLIB:".\Debug/MyPlugin.lib" /MACHINE:X64 /DLL x64\Debug\LocoSoftd.mll.embed.manifest.res
         .Debug/LSComponentNode.obj
         .Debug/LSSolverNode.obj
         .Debug/PluginMain.obj
         .Debug/LSTetgenNode.obj
         .Debug/soft_body_sim.obj /export:initializePlugin /export:uninitializePlugin  
            Creating library .\Debug/MyPlugin.lib and object .\Debug/MyPlugin.exp
     1>tetgend64.lib(predicates.obj) : warning LNK4099: PDB 'vc100.pdb' was not found with 'tetgend64.lib(predicates.obj)' or at 'G:\acads\UPenn\Spring2013\AdvancedComputerGraphicsAndAnimation\AuthoringTool\LocoSoftMayaPlugin\Debug\vc100.pdb'; linking object as if no debug info
     1>tetgend64.lib(tetgen.obj) : warning LNK4099: PDB 'vc100.pdb' was not found with 'tetgend64.lib(tetgen.obj)' or at 'G:\acads\UPenn\Spring2013\AdvancedComputerGraphicsAndAnimation\AuthoringTool\LocoSoftMayaPlugin\Debug\vc100.pdb'; linking object as if no debug info
     1>Vegad.lib(corotationalLinearFEM.obj) : warning LNK4099: PDB 'vc100.pdb' was not found with 'Vegad.lib(corotationalLinearFEM.obj)' or at 'G:\acads\UPenn\Spring2013\AdvancedComputerGraphicsAndAnimation\AuthoringTool\LocoSoftMayaPlugin\Debug\vc100.pdb'; linking object as if no debug info
     1>Vegad.lib(corotationalLinearFEMForceModel.obj) : warning LNK4099: PDB 'vc100.pdb' was not found with 'Vegad.lib(corotationalLinearFEMForceModel.obj)' or at 'G:\acads\UPenn\Spring2013\AdvancedComputerGraphicsAndAnimation\AuthoringTool\LocoSoftMayaPlugin\Debug\vc100.pdb'; linking object as if no debug info
     1>Vegad.lib(massSpringSystemForceModel.obj) : warning LNK4099: PDB 'vc100.pdb' was not found with 'Vegad.lib(massSpringSystemForceModel.obj)' or at 'G:\acads\UPenn\Spring2013\AdvancedComputerGraphicsAndAnimation\AuthoringTool\LocoSoftMayaPlugin\Debug\vc100.pdb'; linking object as if no debug info
     1>Vegad.lib(forceModel.obj) : warning LNK4099: PDB 'vc100.pdb' was not found with 'Vegad.lib(forceModel.obj)' or at 'G:\acads\UPenn\Spring2013\AdvancedComputerGraphicsAndAnimation\AuthoringTool\LocoSoftMayaPlugin\Debug\vc100.pdb'; linking object as if no debug info
     1>Vegad.lib(insertRows.obj) : warning LNK4099: PDB 'vc100.pdb' was not found with 'Vegad.lib(insertRows.obj)' or at 'G:\acads\UPenn\Spring2013\AdvancedComputerGraphicsAndAnimation\AuthoringTool\LocoSoftMayaPlugin\Debug\vc100.pdb'; linking object as if no debug info
     1>Vegad.lib(centralDifferencesSparse.obj) : warning LNK4099: PDB 'vc100.pdb' was not found with 'Vegad.lib(centralDifferencesSparse.obj)' or at 'G:\acads\UPenn\Spring2013\AdvancedComputerGraphicsAndAnimation\AuthoringTool\LocoSoftMayaPlugin\Debug\vc100.pdb'; linking object as if no debug info
     1>Vegad.lib(eulerSparse.obj) : warning LNK4099: PDB 'vc100.pdb' was not found with 'Vegad.lib(eulerSparse.obj)' or at 'G:\acads\UPenn\Spring2013\AdvancedComputerGraphicsAndAnimation\AuthoringTool\LocoSoftMayaPlugin\Debug\vc100.pdb'; linking object as if no debug info
     1>Vegad.lib(implicitBackwardEulerSparse.obj) : warning LNK4099: PDB 'vc100.pdb' was not found with 'Vegad.lib(implicitBackwardEulerSparse.obj)' or at 'G:\acads\UPenn\Spring2013\AdvancedComputerGraphicsAndAnimation\AuthoringTool\LocoSoftMayaPlugin\Debug\vc100.pdb'; linking object as if no debug info
     1>Vegad.lib(implicitNewmarkSparse.obj) : warning LNK4099: PDB 'vc100.pdb' was not found with 'Vegad.lib(implicitNewmarkSparse.obj)' or at 'G:\acads\UPenn\Spring2013\AdvancedComputerGraphicsAndAnimation\AuthoringTool\LocoSoftMayaPlugin\Debug\vc100.pdb'; linking object as if no debug info
     1>Vegad.lib(integratorBase.obj) : warning LNK4099: PDB 'vc100.pdb' was not found with 'Vegad.lib(integratorBase.obj)' or at 'G:\acads\UPenn\Spring2013\AdvancedComputerGraphicsAndAnimation\AuthoringTool\LocoSoftMayaPlugin\Debug\vc100.pdb'; linking object as if no debug info
     1>Vegad.lib(integratorBaseSparse.obj) : warning LNK4099: PDB 'vc100.pdb' was not found with 'Vegad.lib(integratorBaseSparse.obj)' or at 'G:\acads\UPenn\Spring2013\AdvancedComputerGraphicsAndAnimation\AuthoringTool\LocoSoftMayaPlugin\Debug\vc100.pdb'; linking object as if no debug info
     1>Vegad.lib(massSpringSystem.obj) : warning LNK4099: PDB 'vc100.pdb' was not found with 'Vegad.lib(massSpringSystem.obj)' or at 'G:\acads\UPenn\Spring2013\AdvancedComputerGraphicsAndAnimation\AuthoringTool\LocoSoftMayaPlugin\Debug\vc100.pdb'; linking object as if no debug info
     1>Vegad.lib(massSpringSystemFromTetMesh.obj) : warning LNK4099: PDB 'vc100.pdb' was not found with 'Vegad.lib(massSpringSystemFromTetMesh.obj)' or at 'G:\acads\UPenn\Spring2013\AdvancedComputerGraphicsAndAnimation\AuthoringTool\LocoSoftMayaPlugin\Debug\vc100.pdb'; linking object as if no debug info
     1>Vegad.lib(polarDecomposition.obj) : warning LNK4099: PDB 'vc100.pdb' was not found with 'Vegad.lib(polarDecomposition.obj)' or at 'G:\acads\UPenn\Spring2013\AdvancedComputerGraphicsAndAnimation\AuthoringTool\LocoSoftMayaPlugin\Debug\vc100.pdb'; linking object as if no debug info
     1>Vegad.lib(sparseMatrix.obj) : warning LNK4099: PDB 'vc100.pdb' was not found with 'Vegad.lib(sparseMatrix.obj)' or at 'G:\acads\UPenn\Spring2013\AdvancedComputerGraphicsAndAnimation\AuthoringTool\LocoSoftMayaPlugin\Debug\vc100.pdb'; linking object as if no debug info
     1>Vegad.lib(CGSolver.obj) : warning LNK4099: PDB 'vc100.pdb' was not found with 'Vegad.lib(CGSolver.obj)' or at 'G:\acads\UPenn\Spring2013\AdvancedComputerGraphicsAndAnimation\AuthoringTool\LocoSoftMayaPlugin\Debug\vc100.pdb'; linking object as if no debug info
     1>Vegad.lib(linearSolver.obj) : warning LNK4099: PDB 'vc100.pdb' was not found with 'Vegad.lib(linearSolver.obj)' or at 'G:\acads\UPenn\Spring2013\AdvancedComputerGraphicsAndAnimation\AuthoringTool\LocoSoftMayaPlugin\Debug\vc100.pdb'; linking object as if no debug info
     1>Vegad.lib(tetMesh.obj) : warning LNK4099: PDB 'vc100.pdb' was not found with 'Vegad.lib(tetMesh.obj)' or at 'G:\acads\UPenn\Spring2013\AdvancedComputerGraphicsAndAnimation\AuthoringTool\LocoSoftMayaPlugin\Debug\vc100.pdb'; linking object as if no debug info
     1>Vegad.lib(volumetricMesh.obj) : warning LNK4099: PDB 'vc100.pdb' was not found with 'Vegad.lib(volumetricMesh.obj)' or at 'G:\acads\UPenn\Spring2013\AdvancedComputerGraphicsAndAnimation\AuthoringTool\LocoSoftMayaPlugin\Debug\vc100.pdb'; linking object as if no debug info
     1>Vegad.lib(volumetricMeshENuMaterial.obj) : warning LNK4099: PDB 'vc100.pdb' was not found with 'Vegad.lib(volumetricMeshENuMaterial.obj)' or at 'G:\acads\UPenn\Spring2013\AdvancedComputerGraphicsAndAnimation\AuthoringTool\LocoSoftMayaPlugin\Debug\vc100.pdb'; linking object as if no debug info
     1>Vegad.lib(volumetricMeshMooneyRivlinMaterial.obj) : warning LNK4099: PDB 'vc100.pdb' was not found with 'Vegad.lib(volumetricMeshMooneyRivlinMaterial.obj)' or at 'G:\acads\UPenn\Spring2013\AdvancedComputerGraphicsAndAnimation\AuthoringTool\LocoSoftMayaPlugin\Debug\vc100.pdb'; linking object as if no debug info
     1>Vegad.lib(volumetricMeshParser.obj) : warning LNK4099: PDB 'vc100.pdb' was not found with 'Vegad.lib(volumetricMeshParser.obj)' or at 'G:\acads\UPenn\Spring2013\AdvancedComputerGraphicsAndAnimation\AuthoringTool\LocoSoftMayaPlugin\Debug\vc100.pdb'; linking object as if no debug info
         MyPlugin.vcxproj -> G:\acads\UPenn\Spring2013\AdvancedComputerGraphicsAndAnimation\AuthoringTool\LocoSoftMayaPlugin\.\LocoSoftd.mll
     1>Done Building Project "G:\acads\UPenn\Spring2013\AdvancedComputerGraphicsAndAnimation\AuthoringTool\LocoSoftMayaPlugin\MyPlugin.vcxproj" (Build target(s)).

Build succeeded.

Time Elapsed 00:00:15.05
